SF:lib\service\matches_service.dart
DA:10,1
DA:12,1
DA:13,4
DA:14,4
LF:4
LH:4
end_of_record
SF:lib\models\match.dart
DA:15,0
DA:27,1
DA:28,2
DA:29,2
DA:30,4
DA:31,4
DA:32,2
DA:33,2
DA:34,2
DA:35,2
DA:36,2
DA:37,2
DA:40,0
DA:41,0
DA:42,0
DA:43,0
DA:44,0
DA:45,0
DA:47,0
DA:48,0
DA:50,0
DA:51,0
DA:52,0
DA:53,0
DA:54,0
DA:55,0
LF:26
LH:11
end_of_record
SF:lib\models\team.dart
DA:8,0
DA:10,1
DA:11,2
DA:12,2
DA:13,2
DA:14,2
DA:15,2
DA:18,0
DA:19,0
DA:20,0
DA:21,0
DA:22,0
DA:23,0
DA:24,0
LF:14
LH:6
end_of_record
